<?xml version="1.0" encoding="UTF-8"?>
<!-- Generated by org.testng.reporters.JUnitReportReporter -->
<testsuite hostname="mamipapsal" failures="0" tests="1" name="org.TestNG.RunnerMMT" time="12.195" errors="0" timestamp="21 Jun 2023 17:21:39 GMT" skipped="0">
  <testcase classname="org.TestNG.RunnerMMT" name="tc1" time="12.195"/>
</testsuite> <!-- org.TestNG.RunnerMMT -->
